生成启动时间为 2016/4/19 10:46:33。
     1>项目“D:\workspace\github\Dllemf\Dllemf\Dllemf.vcxproj”在节点 2 上(Build 个目标)。
     1>ClCompile:
         C:\Program Files (x86)\Microsoft Visual Studio 12.0\VC\bin\CL.exe /c /ZI /nologo /W3 /WX- /sdl /Od /Oy- /D WIN32 /D _DEBUG /D _WINDOWS /D _USRDLL /D DLLEMF_EXPORTS /D _CRT_SECURE_NO_WARNINGS /D _WINDLL /D _UNICODE /D UNICODE /Gm /EHsc /RTC1 /MDd /GS /fp:precise /Zc:wchar_t /Zc:forScope /Yc"stdafx.h" /Fp"Debug\Dllemf.pch" /Fo"Debug\\" /Fd"Debug\vc120.pdb" /Gd /TP /analyze- /errorReport:prompt stdafx.cpp
         stdafx.cpp
         C:\Program Files (x86)\Microsoft Visual Studio 12.0\VC\bin\CL.exe /c /ZI /nologo /W3 /WX- /sdl /Od /Oy- /D WIN32 /D _DEBUG /D _WINDOWS /D _USRDLL /D DLLEMF_EXPORTS /D _CRT_SECURE_NO_WARNINGS /D _WINDLL /D _UNICODE /D UNICODE /Gm /EHsc /RTC1 /MDd /GS /fp:precise /Zc:wchar_t /Zc:forScope /Yu"stdafx.h" /Fp"Debug\Dllemf.pch" /Fo"Debug\\" /Fd"Debug\vc120.pdb" /Gd /TP /analyze- /errorReport:prompt Dllemf.cpp EndianSwap.cpp MemPtrReader.cpp TTC.cpp TTF.cpp
         TTF.cpp
         TTC.cpp
         MemPtrReader.cpp
         EndianSwap.cpp
         Dllemf.cpp
     1>d:\workspace\github\dllemf\dllemf\dllemf.cpp(29): warning C4018: “>”: 有符号/无符号不匹配
     1>d:\workspace\github\dllemf\dllemf\dllemf.cpp(36): warning C4018: “>”: 有符号/无符号不匹配
     1>d:\workspace\github\dllemf\dllemf\dllemf.cpp(55): warning C4244: “初始化”: 从“std::streamoff”转换到“long”，可能丢失数据
     1>d:\workspace\github\dllemf\dllemf\dllemf.cpp(161): warning C4018: “<”: 有符号/无符号不匹配
     1>d:\workspace\github\dllemf\dllemf\dllemf.cpp(192): warning C4018: “<”: 有符号/无符号不匹配
         正在生成代码...
         C:\Program Files (x86)\Microsoft Visual Studio 12.0\VC\bin\CL.exe /c /ZI /nologo /W3 /WX- /sdl /Od /Oy- /D WIN32 /D _DEBUG /D _WINDOWS /D _USRDLL /D DLLEMF_EXPORTS /D _CRT_SECURE_NO_WARNINGS /D _WINDLL /D _UNICODE /D UNICODE /Gm /EHsc /RTC1 /MDd /GS /fp:precise /Zc:wchar_t /Zc:forScope /Fo"Debug\\" /Fd"Debug\vc120.pdb" /Gd /TP /analyze- /errorReport:prompt dllmain.cpp
         dllmain.cpp
       Link:
         C:\Program Files (x86)\Microsoft Visual Studio 12.0\VC\bin\link.exe /ERRORREPORT:PROMPT /OUT:"D:\workspace\github\Dllemf\Debug\Dllemf.dll" /INCREMENTAL /NOLOGO kernel32.lib user32.lib gdi32.lib winspool.lib comdlg32.lib advapi32.lib shell32.lib ole32.lib oleaut32.lib uuid.lib odbc32.lib odbccp32.lib /MANIFEST /MANIFESTUAC:"level='asInvoker' uiAccess='false'" /manifest:embed /DEBUG /PDB:"D:\workspace\github\Dllemf\Debug\Dllemf.pdb" /SUBSYSTEM:WINDOWS /TLBID:1 /DYNAMICBASE /NXCOMPAT /IMPLIB:"D:\workspace\github\Dllemf\Debug\Dllemf.lib" /MACHINE:X86 /DLL Debug\Dllemf.obj
         Debug\dllmain.obj
         Debug\EndianSwap.obj
         Debug\MemPtrReader.obj
         Debug\stdafx.obj
         Debug\TTC.obj
         Debug\TTF.obj
            正在创建库 D:\workspace\github\Dllemf\Debug\Dllemf.lib 和对象 D:\workspace\github\Dllemf\Debug\Dllemf.exp
         Dllemf.vcxproj -> D:\workspace\github\Dllemf\Debug\Dllemf.dll
     1>已完成生成项目“D:\workspace\github\Dllemf\Dllemf\Dllemf.vcxproj”(Build 个目标)的操作。

生成成功。

已用时间 00:00:04.73
